2022.05.01 04:44:15 INFO  Started: Metals version 0.11.2 in workspace '/home/sowtak/scala/playground' for client coc.nvim 0.0.80.[0m
2022.05.01 04:44:15 INFO  Parse release: 11.0.15[0m
2022.05.01 04:44:17 INFO  time: initialize in 1.93s[0m
2022.05.01 04:44:17 WARN  Build server is not auto-connectable.[0m
2022.05.01 04:44:19 WARN  no build target for: /home/sowtak/scala/playground/src/main/scala/example/Hello.scala[0m
2022.05.01 04:44:21 INFO  no build target found for /home/sowtak/scala/playground/src/main/scala/example/Hello.scala. Using presentation compiler with project's scala-library version: 3.1.1[0m
2022.05.01 04:44:21 INFO  running '/usr/lib/jvm/java-11-openjdk-amd64/bin/java -Djline.terminal=jline.UnsupportedTerminal -Dsbt.log.noformat=true -Dfile.encoding=UTF-8 -jar /tmp/metals5489363678986474217/sbt-launch.jar -Dbloop.export-jar-classifiers=sources bloopInstall'[0m
2022.05.01 04:44:22 INFO  [info] welcome to sbt 1.6.2 (Private Build Java 11.0.15)[0m
2022.05.01 04:44:24 INFO  [info] loading settings for project playground-build-build from metals.sbt ...[0m
2022.05.01 04:44:24 INFO  [info] loading project definition from /home/sowtak/scala/playground/project/project[0m
2022.05.01 04:44:39 INFO  [info] loading settings for project playground-build from metals.sbt ...[0m
2022.05.01 04:44:39 INFO  [info] loading project definition from /home/sowtak/scala/playground/project[0m
2022.05.01 04:44:50 INFO  [success] Generated .bloop/playground-build.json[0m
2022.05.01 04:44:50 INFO  [info] compiling 1 Scala source to /home/sowtak/scala/playground/project/target/scala-2.12/sbt-1.0/classes ...[0m
2022.05.01 04:44:50 INFO  [info] Non-compiled module 'compiler-bridge_2.12' for Scala 2.12.15. Compiling...[0m
2022.05.01 04:44:57 INFO  [info]   Compilation completed in 6.111s.[0m
2022.05.01 04:44:57 INFO  [info] done compiling[0m
2022.05.01 04:44:57 INFO  [success] Total time: 18 s, completed May 1, 2022, 4:44:57 AM[0m
2022.05.01 04:44:59 INFO  [info] loading settings for project root from build.sbt ...[0m
2022.05.01 04:44:59 INFO  [info] set current project to playground (in build file:/home/sowtak/scala/playground/)[0m
2022.05.01 04:45:09 INFO  [success] Generated .bloop/root.json[0m
2022.05.01 04:45:09 INFO  [success] Generated .bloop/root-test.json[0m
2022.05.01 04:45:09 INFO  [success] Total time: 10 s, completed May 1, 2022, 4:45:09 AM[0m
2022.05.01 04:45:10 INFO  time: ran 'sbt bloopInstall' in 48s[0m
2022.05.01 04:45:10 INFO  Attempting to connect to the build server...[0m
2022.05.01 04:45:51 INFO  tracing is disabled for protocol BSP, to enable tracing of incoming and outgoing JSON messages create an empty file at /home/sowtak/scala/playground/.metals/bsp.trace.json or /home/sowtak/.cache/metals/bsp.trace.json[0m
2022.05.01 04:46:03 INFO  Attempting to connect to the build server...[0m
2022.05.01 04:46:03 INFO  tracing is disabled for protocol BSP, to enable tracing of incoming and outgoing JSON messages create an empty file at /home/sowtak/scala/playground/project/.metals/bsp.trace.json or /home/sowtak/.cache/metals/bsp.trace.json[0m
2022.05.01 04:46:12 INFO  time: Connected to build server in 1m2s[0m
2022.05.01 04:46:12 INFO  Connected to Build server: Bloop v1.4.13[0m
2022.05.01 04:46:12 INFO  time: Imported build in 0.13s[0m
2022.05.01 04:46:17 WARN  Could not find java sources in /usr/lib/jvm/src.zip, /usr/lib/jvm/lib/src.zip, /usr/lib/jvm/java-11-openjdk-amd64/src.zip, /usr/lib/jvm/java-11-openjdk-amd64/lib/src.zip. Java symbols will not be available.[0m
2022.05.01 04:46:20 INFO  time: indexed workspace in 8.05s[0m
2022.05.01 04:46:21 INFO  compiling root (1 scala source)[0m
2022.05.01 04:46:21 INFO  Non-compiled module 'compiler-bridge_2.13' for Scala 2.13.8. Compiling...[0m
2022.05.01 04:46:29 INFO    Compilation completed in 7.131s.[0m
2022.05.01 04:46:29 INFO  compiling root-test (1 scala source)[0m
2022.05.01 04:46:30 INFO  time: compiled root in 9.03s[0m
2022.05.01 04:46:30 INFO  time: compiled root-test in 0.68s[0m
May 01, 2022 4:47:42 AM org.eclipse.lsp4j.jsonrpc.RemoteEndpoint handleCancellation
WARNING: Unmatched cancel notification for request id 14
